{
  "RSpec": {
    "coverage": {
      "/home/sibiru/GIGIH/Intermediate/Backend/Generasi GIGIH/Final-Project/controllers/comment_controller.rb": {
        "lines": [
          null,
          null,
          1,
          null,
          1,
          1,
          2,
          2,
          2,
          1,
          null,
          null,
          null,
          null,
          1,
          null,
          null,
          null,
          null,
          null,
          null
        ]
      },
      "/home/sibiru/GIGIH/Intermediate/Backend/Generasi GIGIH/Final-Project/models/comment.rb": {
        "lines": [
          null,
          null,
          1,
          null,
          1,
          1,
          null,
          1,
          5,
          5,
          5,
          5,
          null,
          null,
          1,
          3,
          2,
          2,
          2,
          null,
          1,
          null,
          null,
          1,
          3,
          3,
          3,
          null,
          3,
          21,
          null,
          21,
          null,
          3,
          null,
          null,
          1,
          5,
          3,
          3,
          null,
          null
        ]
      },
      "/home/sibiru/GIGIH/Intermediate/Backend/Generasi GIGIH/Final-Project/db/db_connector.rb": {
        "lines": [
          null,
          null,
          1,
          1,
          null,
          1,
          13,
          null,
          13,
          null,
          null,
          null,
          null,
          null,
          null
        ]
      },
      "/home/sibiru/GIGIH/Intermediate/Backend/Generasi GIGIH/Final-Project/spec/controllers/post_controller_spec.rb": {
        "lines": [
          null,
          null,
          1,
          1,
          1,
          1,
          null,
          1,
          1,
          1,
          1,
          null,
          1,
          1,
          null,
          1,
          1,
          null,
          null,
          null,
          1,
          1,
          1,
          1,
          1,
          null,
          1,
          1,
          1,
          null,
          1,
          0,
          0,
          null,
          0,
          null,
          null,
          null,
          null,
          null,
          null,
          1,
          1,
          1,
          1,
          null,
          1,
          1,
          1,
          null,
          1,
          0,
          0,
          null,
          0,
          null,
          null,
          null,
          null,
          null,
          null,
          null
        ]
      },
      "/home/sibiru/GIGIH/Intermediate/Backend/Generasi GIGIH/Final-Project/controllers/post_controller.rb": {
        "lines": [
          null,
          null,
          1,
          1,
          null,
          1,
          1,
          2,
          2,
          2,
          1,
          null,
          null,
          null,
          null,
          1,
          null,
          null,
          null,
          null,
          null,
          null,
          1,
          1,
          1,
          null,
          null
        ]
      },
      "/home/sibiru/GIGIH/Intermediate/Backend/Generasi GIGIH/Final-Project/models/post.rb": {
        "lines": [
          null,
          null,
          1,
          null,
          1,
          1,
          null,
          1,
          5,
          5,
          5,
          null,
          null,
          1,
          3,
          2,
          2,
          2,
          null,
          1,
          null,
          null,
          1,
          3,
          3,
          3,
          null,
          3,
          51,
          51,
          null,
          3,
          null,
          null,
          1,
          3,
          3,
          3,
          null,
          3,
          65,
          65,
          null,
          3,
          null,
          null,
          1,
          5,
          3,
          null,
          null
        ]
      },
      "/home/sibiru/GIGIH/Intermediate/Backend/Generasi GIGIH/Final-Project/spec/controllers/trending_controller_spec.rb": {
        "lines": [
          null,
          null,
          1,
          1,
          1,
          1,
          1,
          null,
          1,
          1,
          1,
          1,
          null,
          1,
          1,
          1,
          null,
          1,
          null,
          null,
          null,
          1,
          1,
          1,
          null,
          1,
          1,
          1,
          null,
          1,
          null,
          null,
          null,
          null,
          1,
          null,
          null,
          null,
          1,
          1,
          1,
          null,
          1,
          null,
          1,
          1,
          1,
          1,
          1,
          32,
          32,
          null,
          1,
          10,
          10,
          null,
          1,
          null,
          1,
          null,
          null,
          null
        ]
      },
      "/home/sibiru/GIGIH/Intermediate/Backend/Generasi GIGIH/Final-Project/controllers/trending_controller.rb": {
        "lines": [
          null,
          null,
          1,
          1,
          1,
          null,
          1,
          1,
          1,
          1,
          1,
          1,
          null,
          1,
          32,
          32,
          null,
          null,
          1,
          10,
          10,
          null,
          null,
          1,
          1,
          null,
          null,
          1,
          85,
          73,
          73,
          73,
          221,
          74,
          74,
          null,
          null,
          null,
          85,
          null,
          null,
          1,
          3,
          3,
          15,
          99,
          null,
          114,
          null,
          15,
          15,
          null,
          15,
          null,
          3,
          null,
          null
        ]
      },
      "/home/sibiru/GIGIH/Intermediate/Backend/Generasi GIGIH/Final-Project/spec/models/comment_spec.rb": {
        "lines": [
          null,
          null,
          1,
          1,
          null,
          1,
          1,
          1,
          1,
          1,
          1,
          null,
          null,
          null,
          1,
          1,
          1,
          1,
          null,
          null,
          null,
          null,
          1,
          1,
          1,
          1,
          1,
          1,
          null,
          1,
          1,
          null,
          1,
          1,
          null,
          null,
          null,
          null,
          1,
          1,
          1,
          1,
          1,
          1,
          null,
          1,
          1,
          1,
          null,
          null,
          null,
          null
        ]
      },
      "/home/sibiru/GIGIH/Intermediate/Backend/Generasi GIGIH/Final-Project/spec/models/post_spec.rb": {
        "lines": [
          null,
          null,
          1,
          1,
          null,
          1,
          1,
          1,
          1,
          1,
          1,
          null,
          null,
          null,
          1,
          1,
          1,
          1,
          null,
          null,
          null,
          null,
          1,
          1,
          1,
          1,
          1,
          1,
          1,
          null,
          1,
          1,
          null,
          1,
          1,
          null,
          null,
          null,
          1,
          1,
          1,
          1,
          1,
          null,
          1,
          1,
          null,
          1,
          1,
          null,
          null,
          null,
          null,
          1,
          1,
          1,
          1,
          1,
          1,
          null,
          1,
          1,
          1,
          null,
          null,
          null,
          null
        ]
      }
    },
    "timestamp": 1629548952
  }
}
