{
  "RSpec": {
    "coverage": {
      "/home/sibiru/GIGIH/Intermediate/Backend/Generasi GIGIH/Module-4/Session-2/homework/src/increment_array_integer.rb": {
        "lines": [
          1,
          null,
          1,
          3,
          3,
          null,
          3,
          null,
          5,
          2,
          null,
          3,
          3,
          null,
          null,
          2,
          null,
          3,
          null,
          null,
          null
        ]
      }
    },
    "timestamp": 1627480854
  }
}
